#
# A fatal error has been detected by the Java Runtime Environment:
#
#  Internal Error (t:/workspace/open/src/hotspot/share/utilities/constantTag.cpp:60), pid=30616, tid=11372
#  Error: ShouldNotReachHere()
#
# JRE version: Java(TM) SE Runtime Environment (10.0+46) (build 10+46)
# Java VM: Java HotSpot(TM) 64-Bit Server VM (10+46, mixed mode, tiered, compressed oops, g1 gc, windows-amd64)
# No core dump will be written. Minidumps are not enabled by default on client versions of Windows
#
# If you would like to submit a bug report, please visit:
#   http://bugreport.java.com/bugreport/crash.jsp
#

---------------  S U M M A R Y ------------

Command Line: -agentlib:jdwp=transport=dt_socket,address=127.0.0.1:56243,suspend=y,server=n -javaagent:C:\Users\benda\.IntelliJIdea2018.1\system\captureAgent\debugger-agent.jar=file:/C:/Users/benda/AppData/Local/Temp/capture.props -Dfile.encoding=UTF-8 com.company.Main

Host: Intel(R) Core(TM) i5-4670K CPU @ 3.40GHz, 4 cores, 15G,  Windows 10 , 64 bit Build 16299 (10.0.16299.15)
Time: Wed Mar 28 21:04:19 2018 Eastern Daylight Time elapsed time: 1051 seconds (0d 0h 17m 31s)

---------------  T H R E A D  ---------------

Current thread (0x000002367f82c000):  VMThread "VM Thread" [stack: 0x000000e8f1f00000,0x000000e8f2000000] [id=11372]

Stack: [0x000000e8f1f00000,0x000000e8f2000000]
[error occurred during error reporting (printing stack bounds), id 0xe0000000]

Native frames: (J=compiled Java code, j=interpreted, Vv=VM code, C=native code)
V  [jvm.dll+0x59fbf9]
V  [jvm.dll+0x6bca11]
V  [jvm.dll+0x6bdc06]
V  [jvm.dll+0x6be1f5]
V  [jvm.dll+0x6be1ab]
V  [jvm.dll+0x59f3f3]
V  [jvm.dll+0x59f7f8]
C  [ntdll.dll+0xa4c7d]
C  [ntdll.dll+0x1d1d8]
C  [ntdll.dll+0xa3bae]
C  0x0000023666290ead

VM_Operation (0x000000e8f29ff1c0): GetOrSetLocal, mode: safepoint, requested by thread 0x000002367fa82000


---------------  P R O C E S S  ---------------

Threads class SMR info:
_java_thread_list=0x000002360258dee0, length=19, elements={
0x000002365af03000, 0x000002367f82e800, 0x000002367f830800, 0x000002367f88c800,
0x000002367f88d800, 0x000002367f893800, 0x000002367f896000, 0x000002367f897800,
0x000002367f8fb000, 0x000002367fa82000, 0x000002367fa8d800, 0x000002367fa8e000,
0x000002367fb14000, 0x000002367fb4b800, 0x00000236021cd800, 0x00000236022e4800,
0x00000236022e5000, 0x0000023602563000, 0x0000023602541800
}

Java Threads: ( => current thread )
  0x000002365af03000 JavaThread "main" [_thread_blocked, id=6160, stack(0x000000e8f1200000,0x000000e8f1300000)]
  0x000002367f82e800 JavaThread "Reference Handler" daemon [_thread_blocked, id=12272, stack(0x000000e8f2000000,0x000000e8f2100000)]
  0x000002367f830800 JavaThread "Finalizer" daemon [_thread_blocked, id=17680, stack(0x000000e8f2100000,0x000000e8f2200000)]
  0x000002367f88c800 JavaThread "Signal Dispatcher" daemon [_thread_blocked, id=19100, stack(0x000000e8f2300000,0x000000e8f2400000)]
  0x000002367f88d800 JavaThread "Attach Listener" daemon [_thread_blocked, id=1292, stack(0x000000e8f2400000,0x000000e8f2500000)]
  0x000002367f893800 JavaThread "C2 CompilerThread0" daemon [_thread_blocked, id=18604, stack(0x000000e8f2500000,0x000000e8f2600000)]
  0x000002367f896000 JavaThread "C2 CompilerThread1" daemon [_thread_blocked, id=18992, stack(0x000000e8f2600000,0x000000e8f2700000)]
  0x000002367f897800 JavaThread "C1 CompilerThread2" daemon [_thread_blocked, id=6908, stack(0x000000e8f2700000,0x000000e8f2800000)]
  0x000002367f8fb000 JavaThread "Sweeper thread" daemon [_thread_blocked, id=11028, stack(0x000000e8f2800000,0x000000e8f2900000)]
  0x000002367fa82000 JavaThread "JDWP Transport Listener: dt_socket" daemon [_thread_blocked, id=18868, stack(0x000000e8f2900000,0x000000e8f2a00000)] _threads_hazard_ptr=0x000002360258dee0
  0x000002367fa8d800 JavaThread "JDWP Event Helper Thread" daemon [_thread_blocked, id=19188, stack(0x000000e8f2a00000,0x000000e8f2b00000)]
  0x000002367fa8e000 JavaThread "JDWP Command Reader" daemon [_thread_in_native, id=31132, stack(0x000000e8f2b00000,0x000000e8f2c00000)]
  0x000002367fb14000 JavaThread "Common-Cleaner" daemon [_thread_blocked, id=31188, stack(0x000000e8f2c00000,0x000000e8f2d00000)]
  0x000002367fb4b800 JavaThread "Service Thread" daemon [_thread_blocked, id=5048, stack(0x000000e8f2d00000,0x000000e8f2e00000)]
  0x00000236021cd800 JavaThread "Exec Default Executor" daemon [_thread_in_native, id=31708, stack(0x000000e8f3000000,0x000000e8f3100000)]
  0x00000236022e4800 JavaThread "Exec Stream Pumper" daemon [_thread_in_native, id=31152, stack(0x000000e8f3300000,0x000000e8f3400000)]
  0x00000236022e5000 JavaThread "Exec Stream Pumper" daemon [_thread_in_native, id=31228, stack(0x000000e8f3400000,0x000000e8f3500000)]
  0x0000023602563000 JavaThread "OkHttp ConnectionPool" daemon [_thread_blocked, id=2268, stack(0x000000e8f3600000,0x000000e8f3700000)]
  0x0000023602541800 JavaThread "Okio Watchdog" daemon [_thread_blocked, id=31204, stack(0x000000e8f3700000,0x000000e8f3800000)]

Other Threads:
=>0x000002367f82c000 VMThread "VM Thread" [stack: 0x000000e8f1f00000,0x000000e8f2000000] [id=11372]
  0x000002360211c800 WatcherThread [stack: 0x000000e8f2e00000,0x000000e8f2f00000] [id=15156]
  0x000002365af1c800 GCTaskThread "GC Thread#0" [stack: 0x000000e8f1400000,0x000000e8f1500000] [id=17300]
  0x000002365af1f000 GCTaskThread "GC Thread#1" [stack: 0x000000e8f1500000,0x000000e8f1600000] [id=18540]
  0x000002365af20800 GCTaskThread "GC Thread#2" [stack: 0x000000e8f1600000,0x000000e8f1700000] [id=18532]
  0x000002365af23000 GCTaskThread "GC Thread#3" [stack: 0x000000e8f1700000,0x000000e8f1800000] [id=18536]
  0x000002367e957000 ConcurrentGCThread "G1 Main Marker" [stack: 0x000000e8f1800000,0x000000e8f1900000] [id=18580]
  0x000002367e95a800 ConcurrentGCThread "G1 Conc#0" [stack: 0x000000e8f1900000,0x000000e8f1a00000] [id=31432]
  0x000002367ea56800 ConcurrentGCThread "G1 Refine#0" [stack: 0x000000e8f1a00000,0x000000e8f1b00000] [id=31444]
  0x000002367ea58000 ConcurrentGCThread "G1 Refine#1" [stack: 0x000000e8f1b00000,0x000000e8f1c00000] [id=31452]
  0x000002367ea59000 ConcurrentGCThread "G1 Refine#2" [stack: 0x000000e8f1c00000,0x000000e8f1d00000] [id=31352]
  0x000002367ea5a800 ConcurrentGCThread "G1 Refine#3" [stack: 0x000000e8f1d00000,0x000000e8f1e00000] [id=31400]
  0x000002367ea5d800 ConcurrentGCThread "G1 Young RemSet Sampling" [stack: 0x000000e8f1e00000,0x000000e8f1f00000] [id=1476]

Threads with active compile tasks:

VM state:at safepoint (normal execution)

VM Mutex/Monitor currently owned by a thread:  ([mutex/lock_event])
[0x000002365af00dc0] Threads_lock - owner thread: 0x000002367f82c000

Heap address: 0x00000006c2600000, size: 4058 MB, Compressed Oops mode: Zero based, Oop shift amount: 3
Narrow klass base: 0x0000000000000000, Narrow klass shift: 3
Compressed class space size: 1073741824 Address: 0x00000007c0000000

Heap:
 garbage-first heap   total 260096K, used 30708K [0x00000006c2600000, 0x00000007c0000000)
  region size 1024K, 30 young (30720K), 2 survivors (2048K)
 Metaspace       used 17965K, capacity 18371K, committed 18560K, reserved 1064960K
  class space    used 1881K, capacity 2051K, committed 2176K, reserved 1048576K
Heap Regions: E=young(eden), S=young(survivor), O=old, HS=humongous(starts), HC=humongous(continues), CS=collection set, F=free, A=archive, TS=gc time stamp, AC=allocation context, TAMS=top-at-mark-start (previous, next)
|   0|0x00000006c2600000, 0x00000006c26fd000, 0x00000006c2700000| 98%| O|  |TS  1|AC  0|TAMS 0x00000006c2600000, 0x00000006c2600000|
|   1|0x00000006c2700000, 0x00000006c2700000, 0x00000006c2800000|  0%| F|  |TS  0|AC  0|TAMS 0x00000006c2700000, 0x00000006c2700000|
|   2|0x00000006c2800000, 0x00000006c2800000, 0x00000006c2900000|  0%| F|  |TS  0|AC  0|TAMS 0x00000006c2800000, 0x00000006c2800000|
|   3|0x00000006c2900000, 0x00000006c2900000, 0x00000006c2a00000|  0%| F|  |TS  0|AC  0|TAMS 0x00000006c2900000, 0x00000006c2900000|
|   4|0x00000006c2a00000, 0x00000006c2a00000, 0x00000006c2b00000|  0%| F|  |TS  0|AC  0|TAMS 0x00000006c2a00000, 0x00000006c2a00000|
|   5|0x00000006c2b00000, 0x00000006c2b00000, 0x00000006c2c00000|  0%| F|  |TS  0|AC  0|TAMS 0x00000006c2b00000, 0x00000006c2b00000|
|   6|0x00000006c2c00000, 0x00000006c2c00000, 0x00000006c2d00000|  0%| F|  |TS  0|AC  0|TAMS 0x00000006c2c00000, 0x00000006c2c00000|
|   7|0x00000006c2d00000, 0x00000006c2d00000, 0x00000006c2e00000|  0%| F|  |TS  0|AC  0|TAMS 0x00000006c2d00000, 0x00000006c2d00000|
|   8|0x00000006c2e00000, 0x00000006c2e00000, 0x00000006c2f00000|  0%| F|  |TS  0|AC  0|TAMS 0x00000006c2e00000, 0x00000006c2e00000|
|   9|0x00000006c2f00000, 0x00000006c2f00000, 0x00000006c3000000|  0%| F|  |TS  0|AC  0|TAMS 0x00000006c2f00000, 0x00000006c2f00000|
|  10|0x00000006c3000000, 0x00000006c3000000, 0x00000006c3100000|  0%| F|  |TS  0|AC  0|TAMS 0x00000006c3000000, 0x00000006c3000000|
|  11|0x00000006c3100000, 0x00000006c3100000, 0x00000006c3200000|  0%| F|  |TS  0|AC  0|TAMS 0x00000006c3100000, 0x00000006c3100000|
|  12|0x00000006c3200000, 0x00000006c3200000, 0x00000006c3300000|  0%| F|  |TS  0|AC  0|TAMS 0x00000006c3200000, 0x00000006c3200000|
|  13|0x00000006c3300000, 0x00000006c3300000, 0x00000006c3400000|  0%| F|  |TS  0|AC  0|TAMS 0x00000006c3300000, 0x00000006c3300000|
|  14|0x00000006c3400000, 0x00000006c3400000, 0x00000006c3500000|  0%| F|  |TS  0|AC  0|TAMS 0x00000006c3400000, 0x00000006c3400000|
|  15|0x00000006c3500000, 0x00000006c3500000, 0x00000006c3600000|  0%| F|  |TS  0|AC  0|TAMS 0x00000006c3500000, 0x00000006c3500000|
|  16|0x00000006c3600000, 0x00000006c3600000, 0x00000006c3700000|  0%| F|  |TS  0|AC  0|TAMS 0x00000006c3600000, 0x00000006c3600000|
|  17|0x00000006c3700000, 0x00000006c3700000, 0x00000006c3800000|  0%| F|  |TS  0|AC  0|TAMS 0x00000006c3700000, 0x00000006c3700000|
|  18|0x00000006c3800000, 0x00000006c3800000, 0x00000006c3900000|  0%| F|  |TS  0|AC  0|TAMS 0x00000006c3800000, 0x00000006c3800000|
|  19|0x00000006c3900000, 0x00000006c3900000, 0x00000006c3a00000|  0%| F|  |TS  0|AC  0|TAMS 0x00000006c3900000, 0x00000006c3900000|
|  20|0x00000006c3a00000, 0x00000006c3a00000, 0x00000006c3b00000|  0%| F|  |TS  0|AC  0|TAMS 0x00000006c3a00000, 0x00000006c3a00000|
|  21|0x00000006c3b00000, 0x00000006c3b00000, 0x00000006c3c00000|  0%| F|  |TS  0|AC  0|TAMS 0x00000006c3b00000, 0x00000006c3b00000|
|  22|0x00000006c3c00000, 0x00000006c3c00000, 0x00000006c3d00000|  0%| F|  |TS  0|AC  0|TAMS 0x00000006c3c00000, 0x00000006c3c00000|
|  23|0x00000006c3d00000, 0x00000006c3d00000, 0x00000006c3e00000|  0%| F|  |TS  0|AC  0|TAMS 0x00000006c3d00000, 0x00000006c3d00000|
|  24|0x00000006c3e00000, 0x00000006c3e00000, 0x00000006c3f00000|  0%| F|  |TS  0|AC  0|TAMS 0x00000006c3e00000, 0x00000006c3e00000|
|  25|0x00000006c3f00000, 0x00000006c3f00000, 0x00000006c4000000|  0%| F|  |TS  0|AC  0|TAMS 0x00000006c3f00000, 0x00000006c3f00000|
|  26|0x00000006c4000000, 0x00000006c4000000, 0x00000006c4100000|  0%| F|  |TS  0|AC  0|TAMS 0x00000006c4000000, 0x00000006c4000000|
|  27|0x00000006c4100000, 0x00000006c4100000, 0x00000006c4200000|  0%| F|  |TS  0|AC  0|TAMS 0x00000006c4100000, 0x00000006c4100000|
|  28|0x00000006c4200000, 0x00000006c4200000, 0x00000006c4300000|  0%| F|  |TS  0|AC  0|TAMS 0x00000006c4200000, 0x00000006c4200000|
|  29|0x00000006c4300000, 0x00000006c4300000, 0x00000006c4400000|  0%| F|  |TS  0|AC  0|TAMS 0x00000006c4300000, 0x00000006c4300000|
|  30|0x00000006c4400000, 0x00000006c4400000, 0x00000006c4500000|  0%| F|  |TS  0|AC  0|TAMS 0x00000006c4400000, 0x00000006c4400000|
|  31|0x00000006c4500000, 0x00000006c4500000, 0x00000006c4600000|  0%| F|  |TS  0|AC  0|TAMS 0x00000006c4500000, 0x00000006c4500000|
|  32|0x00000006c4600000, 0x00000006c4600000, 0x00000006c4700000|  0%| F|  |TS  0|AC  0|TAMS 0x00000006c4600000, 0x00000006c4600000|
|  33|0x00000006c4700000, 0x00000006c4700000, 0x00000006c4800000|  0%| F|  |TS  0|AC  0|TAMS 0x00000006c4700000, 0x00000006c4700000|
|  34|0x00000006c4800000, 0x00000006c4800000, 0x00000006c4900000|  0%| F|  |TS  0|AC  0|TAMS 0x00000006c4800000, 0x00000006c4800000|
|  35|0x00000006c4900000, 0x00000006c4900000, 0x00000006c4a00000|  0%| F|  |TS  0|AC  0|TAMS 0x00000006c4900000, 0x00000006c4900000|
|  36|0x00000006c4a00000, 0x00000006c4a00000, 0x00000006c4b00000|  0%| F|  |TS  0|AC  0|TAMS 0x00000006c4a00000, 0x00000006c4a00000|
|  37|0x00000006c4b00000, 0x00000006c4b00000, 0x00000006c4c00000|  0%| F|  |TS  0|AC  0|TAMS 0x00000006c4b00000, 0x00000006c4b00000|
|  38|0x00000006c4c00000, 0x00000006c4c00000, 0x00000006c4d00000|  0%| F|  |TS  0|AC  0|TAMS 0x00000006c4c00000, 0x00000006c4c00000|
|  39|0x00000006c4d00000, 0x00000006c4d00000, 0x00000006c4e00000|  0%| F|  |TS  0|AC  0|TAMS 0x00000006c4d00000, 0x00000006c4d00000|
|  40|0x00000006c4e00000, 0x00000006c4e00000, 0x00000006c4f00000|  0%| F|  |TS  0|AC  0|TAMS 0x00000006c4e00000, 0x00000006c4e00000|
|  41|0x00000006c4f00000, 0x00000006c4f00000, 0x00000006c5000000|  0%| F|  |TS  0|AC  0|TAMS 0x00000006c4f00000, 0x00000006c4f00000|
|  42|0x00000006c5000000, 0x00000006c5000000, 0x00000006c5100000|  0%| F|  |TS  0|AC  0|TAMS 0x00000006c5000000, 0x00000006c5000000|
|  43|0x00000006c5100000, 0x00000006c5100000, 0x00000006c5200000|  0%| F|  |TS  0|AC  0|TAMS 0x00000006c5100000, 0x00000006c5100000|
|  44|0x00000006c5200000, 0x00000006c5200000, 0x00000006c5300000|  0%| F|  |TS  0|AC  0|TAMS 0x00000006c5200000, 0x00000006c5200000|
|  45|0x00000006c5300000, 0x00000006c5300000, 0x00000006c5400000|  0%| F|  |TS  0|AC  0|TAMS 0x00000006c5300000, 0x00000006c5300000|
|  46|0x00000006c5400000, 0x00000006c5400000, 0x00000006c5500000|  0%| F|  |TS  0|AC  0|TAMS 0x00000006c5400000, 0x00000006c5400000|
|  47|0x00000006c5500000, 0x00000006c5500000, 0x00000006c5600000|  0%| F|  |TS  0|AC  0|TAMS 0x00000006c5500000, 0x00000006c5500000|
|  48|0x00000006c5600000, 0x00000006c5600000, 0x00000006c5700000|  0%| F|  |TS  0|AC  0|TAMS 0x00000006c5600000, 0x00000006c5600000|
|  49|0x00000006c5700000, 0x00000006c5700000, 0x00000006c5800000|  0%| F|  |TS  0|AC  0|TAMS 0x00000006c5700000, 0x00000006c5700000|
|  50|0x00000006c5800000, 0x00000006c5800000, 0x00000006c5900000|  0%| F|  |TS  0|AC  0|TAMS 0x00000006c5800000, 0x00000006c5800000|
|  51|0x00000006c5900000, 0x00000006c5900000, 0x00000006c5a00000|  0%| F|  |TS  0|AC  0|TAMS 0x00000006c5900000, 0x00000006c5900000|
|  52|0x00000006c5a00000, 0x00000006c5a00000, 0x00000006c5b00000|  0%| F|  |TS  0|AC  0|TAMS 0x00000006c5a00000, 0x00000006c5a00000|
|  53|0x00000006c5b00000, 0x00000006c5b00000, 0x00000006c5c00000|  0%| F|  |TS  0|AC  0|TAMS 0x00000006c5b00000, 0x00000006c5b00000|
|  54|0x00000006c5c00000, 0x00000006c5c00000, 0x00000006c5d00000|  0%| F|  |TS  0|AC  0|TAMS 0x00000006c5c00000, 0x00000006c5c00000|
|  55|0x00000006c5d00000, 0x00000006c5d00000, 0x00000006c5e00000|  0%| F|  |TS  0|AC  0|TAMS 0x00000006c5d00000, 0x00000006c5d00000|
|  56|0x00000006c5e00000, 0x00000006c5e00000, 0x00000006c5f00000|  0%| F|  |TS  0|AC  0|TAMS 0x00000006c5e00000, 0x00000006c5e00000|
|  57|0x00000006c5f00000, 0x00000006c5f00000, 0x00000006c6000000|  0%| F|  |TS  0|AC  0|TAMS 0x00000006c5f00000, 0x00000006c5f00000|
|  58|0x00000006c6000000, 0x00000006c6000000, 0x00000006c6100000|  0%| F|  |TS  0|AC  0|TAMS 0x00000006c6000000, 0x00000006c6000000|
|  59|0x00000006c6100000, 0x00000006c6100000, 0x00000006c6200000|  0%| F|  |TS  0|AC  0|TAMS 0x00000006c6100000, 0x00000006c6100000|
|  60|0x00000006c6200000, 0x00000006c6200000, 0x00000006c6300000|  0%| F|  |TS  0|AC  0|TAMS 0x00000006c6200000, 0x00000006c6200000|
|  61|0x00000006c6300000, 0x00000006c6300000, 0x00000006c6400000|  0%| F|  |TS  0|AC  0|TAMS 0x00000006c6300000, 0x00000006c6300000|
|  62|0x00000006c6400000, 0x00000006c6400000, 0x00000006c6500000|  0%| F|  |TS  0|AC  0|TAMS 0x00000006c6400000, 0x00000006c6400000|
|  63|0x00000006c6500000, 0x00000006c6500000, 0x00000006c6600000|  0%| F|  |TS  0|AC  0|TAMS 0x00000006c6500000, 0x00000006c6500000|
|  64|0x00000006c6600000, 0x00000006c6600000, 0x00000006c6700000|  0%| F|  |TS  0|AC  0|TAMS 0x00000006c6600000, 0x00000006c6600000|
|  65|0x00000006c6700000, 0x00000006c6700000, 0x00000006c6800000|  0%| F|  |TS  0|AC  0|TAMS 0x00000006c6700000, 0x00000006c6700000|
|  66|0x00000006c6800000, 0x00000006c6800000, 0x00000006c6900000|  0%| F|  |TS  0|AC  0|TAMS 0x00000006c6800000, 0x00000006c6800000|
|  67|0x00000006c6900000, 0x00000006c6900000, 0x00000006c6a00000|  0%| F|  |TS  0|AC  0|TAMS 0x00000006c6900000, 0x00000006c6900000|
|  68|0x00000006c6a00000, 0x00000006c6a00000, 0x00000006c6b00000|  0%| F|  |TS  0|AC  0|TAMS 0x00000006c6a00000, 0x00000006c6a00000|
|  69|0x00000006c6b00000, 0x00000006c6b00000, 0x00000006c6c00000|  0%| F|  |TS  0|AC  0|TAMS 0x00000006c6b00000, 0x00000006c6b00000|
|  70|0x00000006c6c00000, 0x00000006c6c00000, 0x00000006c6d00000|  0%| F|  |TS  0|AC  0|TAMS 0x00000006c6c00000, 0x00000006c6c00000|
|  71|0x00000006c6d00000, 0x00000006c6d00000, 0x00000006c6e00000|  0%| F|  |TS  0|AC  0|TAMS 0x00000006c6d00000, 0x00000006c6d00000|
|  72|0x00000006c6e00000, 0x00000006c6e00000, 0x00000006c6f00000|  0%| F|  |TS  0|AC  0|TAMS 0x00000006c6e00000, 0x00000006c6e00000|
|  73|0x00000006c6f00000, 0x00000006c6f00000, 0x00000006c7000000|  0%| F|  |TS  0|AC  0|TAMS 0x00000006c6f00000, 0x00000006c6f00000|
|  74|0x00000006c7000000, 0x00000006c7000000, 0x00000006c7100000|  0%| F|  |TS  0|AC  0|TAMS 0x00000006c7000000, 0x00000006c7000000|
|  75|0x00000006c7100000, 0x00000006c7100000, 0x00000006c7200000|  0%| F|  |TS  0|AC  0|TAMS 0x00000006c7100000, 0x00000006c7100000|
|  76|0x00000006c7200000, 0x00000006c7200000, 0x00000006c7300000|  0%| F|  |TS  0|AC  0|TAMS 0x00000006c7200000, 0x00000006c7200000|
|  77|0x00000006c7300000, 0x00000006c7300000, 0x00000006c7400000|  0%| F|  |TS  0|AC  0|TAMS 0x00000006c7300000, 0x00000006c7300000|
|  78|0x00000006c7400000, 0x00000006c7400000, 0x00000006c7500000|  0%| F|  |TS  0|AC  0|TAMS 0x00000006c7400000, 0x00000006c7400000|
|  79|0x00000006c7500000, 0x00000006c7500000, 0x00000006c7600000|  0%| F|  |TS  0|AC  0|TAMS 0x00000006c7500000, 0x00000006c7500000|
|  80|0x00000006c7600000, 0x00000006c7600000, 0x00000006c7700000|  0%| F|  |TS  0|AC  0|TAMS 0x00000006c7600000, 0x00000006c7600000|
|  81|0x00000006c7700000, 0x00000006c7700000, 0x00000006c7800000|  0%| F|  |TS  0|AC  0|TAMS 0x00000006c7700000, 0x00000006c7700000|
|  82|0x00000006c7800000, 0x00000006c7800000, 0x00000006c7900000|  0%| F|  |TS  0|AC  0|TAMS 0x00000006c7800000, 0x00000006c7800000|
|  83|0x00000006c7900000, 0x00000006c7900000, 0x00000006c7a00000|  0%| F|  |TS  0|AC  0|TAMS 0x00000006c7900000, 0x00000006c7900000|
|  84|0x00000006c7a00000, 0x00000006c7a00000, 0x00000006c7b00000|  0%| F|  |TS  0|AC  0|TAMS 0x00000006c7a00000, 0x00000006c7a00000|
|  85|0x00000006c7b00000, 0x00000006c7b00000, 0x00000006c7c00000|  0%| F|  |TS  0|AC  0|TAMS 0x00000006c7b00000, 0x00000006c7b00000|
|  86|0x00000006c7c00000, 0x00000006c7c00000, 0x00000006c7d00000|  0%| F|  |TS  0|AC  0|TAMS 0x00000006c7c00000, 0x00000006c7c00000|
|  87|0x00000006c7d00000, 0x00000006c7d00000, 0x00000006c7e00000|  0%| F|  |TS  0|AC  0|TAMS 0x00000006c7d00000, 0x00000006c7d00000|
|  88|0x00000006c7e00000, 0x00000006c7e00000, 0x00000006c7f00000|  0%| F|  |TS  0|AC  0|TAMS 0x00000006c7e00000, 0x00000006c7e00000|
|  89|0x00000006c7f00000, 0x00000006c7f00000, 0x00000006c8000000|  0%| F|  |TS  0|AC  0|TAMS 0x00000006c7f00000, 0x00000006c7f00000|
|  90|0x00000006c8000000, 0x00000006c8000000, 0x00000006c8100000|  0%| F|  |TS  0|AC  0|TAMS 0x00000006c8000000, 0x00000006c8000000|
|  91|0x00000006c8100000, 0x00000006c8100000, 0x00000006c8200000|  0%| F|  |TS  0|AC  0|TAMS 0x00000006c8100000, 0x00000006c8100000|
|  92|0x00000006c8200000, 0x00000006c8200000, 0x00000006c8300000|  0%| F|  |TS  0|AC  0|TAMS 0x00000006c8200000, 0x00000006c8200000|
|  93|0x00000006c8300000, 0x00000006c8300000, 0x00000006c8400000|  0%| F|  |TS  0|AC  0|TAMS 0x00000006c8300000, 0x00000006c8300000|
|  94|0x00000006c8400000, 0x00000006c8400000, 0x00000006c8500000|  0%| F|  |TS  0|AC  0|TAMS 0x00000006c8400000, 0x00000006c8400000|
|  95|0x00000006c8500000, 0x00000006c8500000, 0x00000006c8600000|  0%| F|  |TS  0|AC  0|TAMS 0x00000006c8500000, 0x00000006c8500000|
|  96|0x00000006c8600000, 0x00000006c8600000, 0x00000006c8700000|  0%| F|  |TS  0|AC  0|TAMS 0x00000006c8600000, 0x00000006c8600000|
|  97|0x00000006c8700000, 0x00000006c8700000, 0x00000006c8800000|  0%| F|  |TS  0|AC  0|TAMS 0x00000006c8700000, 0x00000006c8700000|
|  98|0x00000006c8800000, 0x00000006c8800000, 0x00000006c8900000|  0%| F|  |TS  0|AC  0|TAMS 0x00000006c8800000, 0x00000006c8800000|
|  99|0x00000006c8900000, 0x00000006c8900000, 0x00000006c8a00000|  0%| F|  |TS  0|AC  0|TAMS 0x00000006c8900000, 0x00000006c8900000|
| 100|0x00000006c8a00000, 0x00000006c8a00000, 0x00000006c8b00000|  0%| F|  |TS  0|AC  0|TAMS 0x00000006c8a00000, 0x00000006c8a00000|
| 101|0x00000006c8b00000, 0x00000006c8b00000, 0x00000006c8c00000|  0%| F|  |TS  0|AC  0|TAMS 0x00000006c8b00000, 0x00000006c8b00000|
| 102|0x00000006c8c00000, 0x00000006c8c00000, 0x00000006c8d00000|  0%| F|  |TS  0|AC  0|TAMS 0x00000006c8c00000, 0x00000006c8c00000|
| 103|0x00000006c8d00000, 0x00000006c8d00000, 0x00000006c8e00000|  0%| F|  |TS  0|AC  0|TAMS 0x00000006c8d00000, 0x00000006c8d00000|
| 104|0x00000006c8e00000, 0x00000006c8e00000, 0x00000006c8f00000|  0%| F|  |TS  0|AC  0|TAMS 0x00000006c8e00000, 0x00000006c8e00000|
| 105|0x00000006c8f00000, 0x00000006c8f00000, 0x00000006c9000000|  0%| F|  |TS  0|AC  0|TAMS 0x00000006c8f00000, 0x00000006c8f00000|
| 106|0x00000006c9000000, 0x00000006c9000000, 0x00000006c9100000|  0%| F|  |TS  0|AC  0|TAMS 0x00000006c9000000, 0x00000006c9000000|
| 107|0x00000006c9100000, 0x00000006c9100000, 0x00000006c9200000|  0%| F|  |TS  0|AC  0|TAMS 0x00000006c9100000, 0x00000006c9100000|
| 108|0x00000006c9200000, 0x00000006c9200000, 0x00000006c9300000|  0%| F|  |TS  0|AC  0|TAMS 0x00000006c9200000, 0x00000006c9200000|
| 109|0x00000006c9300000, 0x00000006c9300000, 0x00000006c9400000|  0%| F|  |TS  0|AC  0|TAMS 0x00000006c9300000, 0x00000006c9300000|
| 110|0x00000006c9400000, 0x00000006c9400000, 0x00000006c9500000|  0%| F|  |TS  0|AC  0|TAMS 0x00000006c9400000, 0x00000006c9400000|
| 111|0x00000006c9500000, 0x00000006c9500000, 0x00000006c9600000|  0%| F|  |TS  0|AC  0|TAMS 0x00000006c9500000, 0x00000006c9500000|
| 112|0x00000006c9600000, 0x00000006c9600000, 0x00000006c9700000|  0%| F|  |TS  0|AC  0|TAMS 0x00000006c9600000, 0x00000006c9600000|
| 113|0x00000006c9700000, 0x00000006c9700000, 0x00000006c9800000|  0%| F|  |TS  0|AC  0|TAMS 0x00000006c9700000, 0x00000006c9700000|
| 114|0x00000006c9800000, 0x00000006c9800000, 0x00000006c9900000|  0%| F|  |TS  0|AC  0|TAMS 0x00000006c9800000, 0x00000006c9800000|
| 115|0x00000006c9900000, 0x00000006c9900000, 0x00000006c9a00000|  0%| F|  |TS  0|AC  0|TAMS 0x00000006c9900000, 0x00000006c9900000|
| 116|0x00000006c9a00000, 0x00000006c9a00000, 0x00000006c9b00000|  0%| F|  |TS  0|AC  0|TAMS 0x00000006c9a00000, 0x00000006c9a00000|
| 117|0x00000006c9b00000, 0x00000006c9b00000, 0x00000006c9c00000|  0%| F|  |TS  0|AC  0|TAMS 0x00000006c9b00000, 0x00000006c9b00000|
| 118|0x00000006c9c00000, 0x00000006c9c00000, 0x00000006c9d00000|  0%| F|  |TS  0|AC  0|TAMS 0x00000006c9c00000, 0x00000006c9c00000|
| 119|0x00000006c9d00000, 0x00000006c9d00000, 0x00000006c9e00000|  0%| F|  |TS  0|AC  0|TAMS 0x00000006c9d00000, 0x00000006c9d00000|
| 120|0x00000006c9e00000, 0x00000006c9e00000, 0x00000006c9f00000|  0%| F|  |TS  0|AC  0|TAMS 0x00000006c9e00000, 0x00000006c9e00000|
| 121|0x00000006c9f00000, 0x00000006c9f00000, 0x00000006ca000000|  0%| F|  |TS  0|AC  0|TAMS 0x00000006c9f00000, 0x00000006c9f00000|
| 122|0x00000006ca000000, 0x00000006ca000000, 0x00000006ca100000|  0%| F|  |TS  0|AC  0|TAMS 0x00000006ca000000, 0x00000006ca000000|
| 123|0x00000006ca100000, 0x00000006ca100000, 0x00000006ca200000|  0%| F|  |TS  0|AC  0|TAMS 0x00000006ca100000, 0x00000006ca100000|
| 124|0x00000006ca200000, 0x00000006ca200000, 0x00000006ca300000|  0%| F|  |TS  0|AC  0|TAMS 0x00000006ca200000, 0x00000006ca200000|
| 125|0x00000006ca300000, 0x00000006ca300000, 0x00000006ca400000|  0%| F|  |TS  0|AC  0|TAMS 0x00000006ca300000, 0x00000006ca300000|
| 126|0x00000006ca400000, 0x00000006ca400000, 0x00000006ca500000|  0%| F|  |TS  0|AC  0|TAMS 0x00000006ca400000, 0x00000006ca400000|
| 127|0x00000006ca500000, 0x00000006ca500000, 0x00000006ca600000|  0%| F|  |TS  0|AC  0|TAMS 0x00000006ca500000, 0x00000006ca500000|
| 128|0x00000006ca600000, 0x00000006ca600000, 0x00000006ca700000|  0%| F|  |TS  0|AC  0|TAMS 0x00000006ca600000, 0x00000006ca600000|
| 129|0x00000006ca700000, 0x00000006ca700000, 0x00000006ca800000|  0%| F|  |TS  0|AC  0|TAMS 0x00000006ca700000, 0x00000006ca700000|
| 130|0x00000006ca800000, 0x00000006ca800000, 0x00000006ca900000|  0%| F|  |TS  0|AC  0|TAMS 0x00000006ca800000, 0x00000006ca800000|
| 131|0x00000006ca900000, 0x00000006ca900000, 0x00000006caa00000|  0%| F|  |TS  0|AC  0|TAMS 0x00000006ca900000, 0x00000006ca900000|
| 132|0x00000006caa00000, 0x00000006caa00000, 0x00000006cab00000|  0%| F|  |TS  0|AC  0|TAMS 0x00000006caa00000, 0x00000006caa00000|
| 133|0x00000006cab00000, 0x00000006cab00000, 0x00000006cac00000|  0%| F|  |TS  0|AC  0|TAMS 0x00000006cab00000, 0x00000006cab00000|
| 134|0x00000006cac00000, 0x00000006cac00000, 0x00000006cad00000|  0%| F|  |TS  0|AC  0|TAMS 0x00000006cac00000, 0x00000006cac00000|
| 135|0x00000006cad00000, 0x00000006cad00000, 0x00000006cae00000|  0%| F|  |TS  0|AC  0|TAMS 0x00000006cad00000, 0x00000006cad00000|
| 136|0x00000006cae00000, 0x00000006cae00000, 0x00000006caf00000|  0%| F|  |TS  0|AC  0|TAMS 0x00000006cae00000, 0x00000006cae00000|
| 137|0x00000006caf00000, 0x00000006caf00000, 0x00000006cb000000|  0%| F|  |TS  0|AC  0|TAMS 0x00000006caf00000, 0x00000006caf00000|
| 138|0x00000006cb000000, 0x00000006cb000000, 0x00000006cb100000|  0%| F|  |TS  0|AC  0|TAMS 0x00000006cb000000, 0x00000006cb000000|
| 139|0x00000006cb100000, 0x00000006cb100000, 0x00000006cb200000|  0%| F|  |TS  0|AC  0|TAMS 0x00000006cb100000, 0x00000006cb100000|
| 140|0x00000006cb200000, 0x00000006cb200000, 0x00000006cb300000|  0%| F|  |TS  0|AC  0|TAMS 0x00000006cb200000, 0x00000006cb200000|
| 141|0x00000006cb300000, 0x00000006cb300000, 0x00000006cb400000|  0%| F|  |TS  0|AC  0|TAMS 0x00000006cb300000, 0x00000006cb300000|
| 142|0x00000006cb400000, 0x00000006cb400000, 0x00000006cb500000|  0%| F|  |TS  0|AC  0|TAMS 0x00000006cb400000, 0x00000006cb400000|
| 143|0x00000006cb500000, 0x00000006cb500000, 0x00000006cb600000|  0%| F|  |TS  0|AC  0|TAMS 0x00000006cb500000, 0x00000006cb500000|
| 144|0x00000006cb600000, 0x00000006cb600000, 0x00000006cb700000|  0%| F|  |TS  0|AC  0|TAMS 0x00000006cb600000, 0x00000006cb600000|
| 145|0x00000006cb700000, 0x00000006cb700000, 0x00000006cb800000|  0%| F|  |TS  0|AC  0|TAMS 0x00000006cb700000, 0x00000006cb700000|
| 146|0x00000006cb800000, 0x00000006cb800000, 0x00000006cb900000|  0%| F|  |TS  0|AC  0|TAMS 0x00000006cb800000, 0x00000006cb800000|
| 147|0x00000006cb900000, 0x00000006cb900000, 0x00000006cba00000|  0%| F|  |TS  0|AC  0|TAMS 0x00000006cb900000, 0x00000006cb900000|
| 148|0x00000006cba00000, 0x00000006cba00000, 0x00000006cbb00000|  0%| F|  |TS  0|AC  0|TAMS 0x00000006cba00000, 0x00000006cba00000|
| 149|0x00000006cbb00000, 0x00000006cbb00000, 0x00000006cbc00000|  0%| F|  |TS  0|AC  0|TAMS 0x00000006cbb00000, 0x00000006cbb00000|
| 150|0x00000006cbc00000, 0x00000006cbc00000, 0x00000006cbd00000|  0%| F|  |TS  0|AC  0|TAMS 0x00000006cbc00000, 0x00000006cbc00000|
| 151|0x00000006cbd00000, 0x00000006cbd00000, 0x00000006cbe00000|  0%| F|  |TS  0|AC  0|TAMS 0x00000006cbd00000, 0x00000006cbd00000|
| 152|0x00000006cbe00000, 0x00000006cbe00000, 0x00000006cbf00000|  0%| F|  |TS  0|AC  0|TAMS 0x00000006cbe00000, 0x00000006cbe00000|
| 153|0x00000006cbf00000, 0x00000006cbf00000, 0x00000006cc000000|  0%| F|  |TS  0|AC  0|TAMS 0x00000006cbf00000, 0x00000006cbf00000|
| 154|0x00000006cc000000, 0x00000006cc000000, 0x00000006cc100000|  0%| F|  |TS  0|AC  0|TAMS 0x00000006cc000000, 0x00000006cc000000|
| 155|0x00000006cc100000, 0x00000006cc100000, 0x00000006cc200000|  0%| F|  |TS  0|AC  0|TAMS 0x00000006cc100000, 0x00000006cc100000|
| 156|0x00000006cc200000, 0x00000006cc200000, 0x00000006cc300000|  0%| F|  |TS  0|AC  0|TAMS 0x00000006cc200000, 0x00000006cc200000|
| 157|0x00000006cc300000, 0x00000006cc300000, 0x00000006cc400000|  0%| F|  |TS  0|AC  0|TAMS 0x00000006cc300000, 0x00000006cc300000|
| 158|0x00000006cc400000, 0x00000006cc400000, 0x00000006cc500000|  0%| F|  |TS  0|AC  0|TAMS 0x00000006cc400000, 0x00000006cc400000|
| 159|0x00000006cc500000, 0x00000006cc500000, 0x00000006cc600000|  0%| F|  |TS  0|AC  0|TAMS 0x00000006cc500000, 0x00000006cc500000|
| 160|0x00000006cc600000, 0x00000006cc600000, 0x00000006cc700000|  0%| F|  |TS  0|AC  0|TAMS 0x00000006cc600000, 0x00000006cc600000|
| 161|0x00000006cc700000, 0x00000006cc700000, 0x00000006cc800000|  0%| F|  |TS  0|AC  0|TAMS 0x00000006cc700000, 0x00000006cc700000|
| 162|0x00000006cc800000, 0x00000006cc800000, 0x00000006cc900000|  0%| F|  |TS  0|AC  0|TAMS 0x00000006cc800000, 0x00000006cc800000|
| 163|0x00000006cc900000, 0x00000006cc900000, 0x00000006cca00000|  0%| F|  |TS  0|AC  0|TAMS 0x00000006cc900000, 0x00000006cc900000|
| 164|0x00000006cca00000, 0x00000006cca00000, 0x00000006ccb00000|  0%| F|  |TS  0|AC  0|TAMS 0x00000006cca00000, 0x00000006cca00000|
| 165|0x00000006ccb00000, 0x00000006ccb00000, 0x00000006ccc00000|  0%| F|  |TS  0|AC  0|TAMS 0x00000006ccb00000, 0x00000006ccb00000|
| 166|0x00000006ccc00000, 0x00000006ccc00000, 0x00000006ccd00000|  0%| F|  |TS  0|AC  0|TAMS 0x00000006ccc00000, 0x00000006ccc00000|
| 167|0x00000006ccd00000, 0x00000006ccd00000, 0x00000006cce00000|  0%| F|  |TS  0|AC  0|TAMS 0x00000006ccd00000, 0x00000006ccd00000|
| 168|0x00000006cce00000, 0x00000006cce00000, 0x00000006ccf00000|  0%| F|  |TS  0|AC  0|TAMS 0x00000006cce00000, 0x00000006cce00000|
| 169|0x00000006ccf00000, 0x00000006ccf00000, 0x00000006cd000000|  0%| F|  |TS  0|AC  0|TAMS 0x00000006ccf00000, 0x00000006ccf00000|
| 170|0x00000006cd000000, 0x00000006cd000000, 0x00000006cd100000|  0%| F|  |TS  0|AC  0|TAMS 0x00000006cd000000, 0x00000006cd000000|
| 171|0x00000006cd100000, 0x00000006cd100000, 0x00000006cd200000|  0%| F|  |TS  0|AC  0|TAMS 0x00000006cd100000, 0x00000006cd100000|
| 172|0x00000006cd200000, 0x00000006cd200000, 0x00000006cd300000|  0%| F|  |TS  0|AC  0|TAMS 0x00000006cd200000, 0x00000006cd200000|
| 173|0x00000006cd300000, 0x00000006cd300000, 0x00000006cd400000|  0%| F|  |TS  0|AC  0|TAMS 0x00000006cd300000, 0x00000006cd300000|
| 174|0x00000006cd400000, 0x00000006cd400000, 0x00000006cd500000|  0%| F|  |TS  0|AC  0|TAMS 0x00000006cd400000, 0x00000006cd400000|
| 175|0x00000006cd500000, 0x00000006cd500000, 0x00000006cd600000|  0%| F|  |TS  0|AC  0|TAMS 0x00000006cd500000, 0x00000006cd500000|
| 176|0x00000006cd600000, 0x00000006cd600000, 0x00000006cd700000|  0%| F|  |TS  0|AC  0|TAMS 0x00000006cd600000, 0x00000006cd600000|
| 177|0x00000006cd700000, 0x00000006cd700000, 0x00000006cd800000|  0%| F|  |TS  0|AC  0|TAMS 0x00000006cd700000, 0x00000006cd700000|
| 178|0x00000006cd800000, 0x00000006cd800000, 0x00000006cd900000|  0%| F|  |TS  0|AC  0|TAMS 0x00000006cd800000, 0x00000006cd800000|
| 179|0x00000006cd900000, 0x00000006cd900000, 0x00000006cda00000|  0%| F|  |TS  0|AC  0|TAMS 0x00000006cd900000, 0x00000006cd900000|
| 180|0x00000006cda00000, 0x00000006cda00000, 0x00000006cdb00000|  0%| F|  |TS  0|AC  0|TAMS 0x00000006cda00000, 0x00000006cda00000|
| 181|0x00000006cdb00000, 0x00000006cdb00000, 0x00000006cdc00000|  0%| F|  |TS  0|AC  0|TAMS 0x00000006cdb00000, 0x00000006cdb00000|
| 182|0x00000006cdc00000, 0x00000006cdc00000, 0x00000006cdd00000|  0%| F|  |TS  0|AC  0|TAMS 0x00000006cdc00000, 0x00000006cdc00000|
| 183|0x00000006cdd00000, 0x00000006cdd00000, 0x00000006cde00000|  0%| F|  |TS  0|AC  0|TAMS 0x00000006cdd00000, 0x00000006cdd00000|
| 184|0x00000006cde00000, 0x00000006cde00000, 0x00000006cdf00000|  0%| F|  |TS  0|AC  0|TAMS 0x00000006cde00000, 0x00000006cde00000|
| 185|0x00000006cdf00000, 0x00000006cdf00000, 0x00000006ce000000|  0%| F|  |TS  0|AC  0|TAMS 0x00000006cdf00000, 0x00000006cdf00000|
| 186|0x00000006ce000000, 0x00000006ce000000, 0x00000006ce100000|  0%| F|  |TS  0|AC  0|TAMS 0x00000006ce000000, 0x00000006ce000000|
| 187|0x00000006ce100000, 0x00000006ce100000, 0x00000006ce200000|  0%| F|  |TS  0|AC  0|TAMS 0x00000006ce100000, 0x00000006ce100000|
| 188|0x00000006ce200000, 0x00000006ce200000, 0x00000006ce300000|  0%| F|  |TS  0|AC  0|TAMS 0x00000006ce200000, 0x00000006ce200000|
| 189|0x00000006ce300000, 0x00000006ce300000, 0x00000006ce400000|  0%| F|  |TS  0|AC  0|TAMS 0x00000006ce300000, 0x00000006ce300000|
| 190|0x00000006ce400000, 0x00000006ce400000, 0x00000006ce500000|  0%| F|  |TS  0|AC  0|TAMS 0x00000006ce400000, 0x00000006ce400000|
| 191|0x00000006ce500000, 0x00000006ce500000, 0x00000006ce600000|  0%| F|  |TS  0|AC  0|TAMS 0x00000006ce500000, 0x00000006ce500000|
| 192|0x00000006ce600000, 0x00000006ce600000, 0x00000006ce700000|  0%| F|  |TS  0|AC  0|TAMS 0x00000006ce600000, 0x00000006ce600000|
| 193|0x00000006ce700000, 0x00000006ce700000, 0x00000006ce800000|  0%| F|  |TS  0|AC  0|TAMS 0x00000006ce700000, 0x00000006ce700000|
| 194|0x00000006ce800000, 0x00000006ce800000, 0x00000006ce900000|  0%| F|  |TS  0|AC  0|TAMS 0x00000006ce800000, 0x00000006ce800000|
| 195|0x00000006ce900000, 0x00000006ce900000, 0x00000006cea00000|  0%| F|  |TS  0|AC  0|TAMS 0x00000006ce900000, 0x00000006ce900000|
| 196|0x00000006cea00000, 0x00000006cea00000, 0x00000006ceb00000|  0%| F|  |TS  0|AC  0|TAMS 0x00000006cea00000, 0x00000006cea00000|
| 197|0x00000006ceb00000, 0x00000006ceb00000, 0x00000006cec00000|  0%| F|  |TS  0|AC  0|TAMS 0x00000006ceb00000, 0x00000006ceb00000|
| 198|0x00000006cec00000, 0x00000006cec00000, 0x00000006ced00000|  0%| F|  |TS  0|AC  0|TAMS 0x00000006cec00000, 0x00000006cec00000|
| 199|0x00000006ced00000, 0x00000006ced00000, 0x00000006cee00000|  0%| F|  |TS  0|AC  0|TAMS 0x00000006ced00000, 0x00000006ced00000|
| 200|0x00000006cee00000, 0x00000006cee00000, 0x00000006cef00000|  0%| F|  |TS  0|AC  0|TAMS 0x00000006cee00000, 0x00000006cee00000|
| 201|0x00000006cef00000, 0x00000006cef00000, 0x00000006cf000000|  0%| F|  |TS  0|AC  0|TAMS 0x00000006cef00000, 0x00000006cef00000|
| 202|0x00000006cf000000, 0x00000006cf000000, 0x00000006cf100000|  0%| F|  |TS  0|AC  0|TAMS 0x00000006cf000000, 0x00000006cf000000|
| 203|0x00000006cf100000, 0x00000006cf100000, 0x00000006cf200000|  0%| F|  |TS  0|AC  0|TAMS 0x00000006cf100000, 0x00000006cf100000|
| 204|0x00000006cf200000, 0x00000006cf200000, 0x00000006cf300000|  0%| F|  |TS  0|AC  0|TAMS 0x00000006cf200000, 0x00000006cf200000|
| 205|0x00000006cf300000, 0x00000006cf300000, 0x00000006cf400000|  0%| F|  |TS  0|AC  0|TAMS 0x00000006cf300000, 0x00000006cf300000|
| 206|0x00000006cf400000, 0x00000006cf400000, 0x00000006cf500000|  0%| F|  |TS  0|AC  0|TAMS 0x00000006cf400000, 0x00000006cf400000|
| 207|0x00000006cf500000, 0x00000006cf500000, 0x00000006cf600000|  0%| F|  |TS  0|AC  0|TAMS 0x00000006cf500000, 0x00000006cf500000|
| 208|0x00000006cf600000, 0x00000006cf600000, 0x00000006cf700000|  0%| F|  |TS  0|AC  0|TAMS 0x00000006cf600000, 0x00000006cf600000|
| 209|0x00000006cf700000, 0x00000006cf700000, 0x00000006cf800000|  0%| F|  |TS  0|AC  0|TAMS 0x00000006cf700000, 0x00000006cf700000|
| 210|0x00000006cf800000, 0x00000006cf800000, 0x00000006cf900000|  0%| F|  |TS  0|AC  0|TAMS 0x00000006cf800000, 0x00000006cf800000|
| 211|0x00000006cf900000, 0x00000006cf900000, 0x00000006cfa00000|  0%| F|  |TS  0|AC  0|TAMS 0x00000006cf900000, 0x00000006cf900000|
| 212|0x00000006cfa00000, 0x00000006cfa00000, 0x00000006cfb00000|  0%| F|  |TS  0|AC  0|TAMS 0x00000006cfa00000, 0x00000006cfa00000|
| 213|0x00000006cfb00000, 0x00000006cfb00000, 0x00000006cfc00000|  0%| F|  |TS  0|AC  0|TAMS 0x00000006cfb00000, 0x00000006cfb00000|
| 214|0x00000006cfc00000, 0x00000006cfc00000, 0x00000006cfd00000|  0%| F|  |TS  0|AC  0|TAMS 0x00000006cfc00000, 0x00000006cfc00000|
| 215|0x00000006cfd00000, 0x00000006cfd00000, 0x00000006cfe00000|  0%| F|  |TS  0|AC  0|TAMS 0x00000006cfd00000, 0x00000006cfd00000|
| 216|0x00000006cfe00000, 0x00000006cfe00000, 0x00000006cff00000|  0%| F|  |TS  0|AC  0|TAMS 0x00000006cfe00000, 0x00000006cfe00000|
| 217|0x00000006cff00000, 0x00000006cff00000, 0x00000006d0000000|  0%| F|  |TS  0|AC  0|TAMS 0x00000006cff00000, 0x00000006cff00000|
| 218|0x00000006d0000000, 0x00000006d0000000, 0x00000006d0100000|  0%| F|  |TS  0|AC  0|TAMS 0x00000006d0000000, 0x00000006d0000000|
| 219|0x00000006d0100000, 0x00000006d0100000, 0x00000006d0200000|  0%| F|  |TS  0|AC  0|TAMS 0x00000006d0100000, 0x00000006d0100000|
| 220|0x00000006d0200000, 0x00000006d0200000, 0x00000006d0300000|  0%| F|  |TS  0|AC  0|TAMS 0x00000006d0200000, 0x00000006d0200000|
| 221|0x00000006d0300000, 0x00000006d0300000, 0x00000006d0400000|  0%| F|  |TS  0|AC  0|TAMS 0x00000006d0300000, 0x00000006d0300000|
| 222|0x00000006d0400000, 0x00000006d0400000, 0x00000006d0500000|  0%| F|  |TS  0|AC  0|TAMS 0x00000006d0400000, 0x00000006d0400000|
| 223|0x00000006d0500000, 0x00000006d0500000, 0x00000006d0600000|  0%| F|  |TS  0|AC  0|TAMS 0x00000006d0500000, 0x00000006d0500000|
| 224|0x00000006d0600000, 0x00000006d0680800, 0x00000006d0700000| 50%| E|  |TS  0|AC  0|TAMS 0x00000006d0600000, 0x00000006d0600000|
| 225|0x00000006d0700000, 0x00000006d0800000, 0x00000006d0800000|100%| E|CS|TS  0|AC  0|TAMS 0x00000006d0700000, 0x00000006d0700000|
| 226|0x00000006d0800000, 0x00000006d0900000, 0x00000006d0900000|100%| E|CS|TS  0|AC  0|TAMS 0x00000006d0800000, 0x00000006d0800000|
| 227|0x00000006d0900000, 0x00000006d0a00000, 0x00000006d0a00000|100%| E|CS|TS  0|AC  0|TAMS 0x00000006d0900000, 0x00000006d0900000|
| 228|0x00000006d0a00000, 0x00000006d0b00000, 0x00000006d0b00000|100%| E|CS|TS  0|AC  0|TAMS 0x00000006d0a00000, 0x00000006d0a00000|
| 229|0x00000006d0b00000, 0x00000006d0c00000, 0x00000006d0c00000|100%| E|CS|TS  0|AC  0|TAMS 0x00000006d0b00000, 0x00000006d0b00000|
| 230|0x00000006d0c00000, 0x00000006d0d00000, 0x00000006d0d00000|100%| E|CS|TS  0|AC  0|TAMS 0x00000006d0c00000, 0x00000006d0c00000|
| 231|0x00000006d0d00000, 0x00000006d0e00000, 0x00000006d0e00000|100%| E|CS|TS  0|AC  0|TAMS 0x00000006d0d00000, 0x00000006d0d00000|
| 232|0x00000006d0e00000, 0x00000006d0f00000, 0x00000006d0f00000|100%| E|CS|TS  0|AC  0|TAMS 0x00000006d0e00000, 0x00000006d0e00000|
| 233|0x00000006d0f00000, 0x00000006d1000000, 0x00000006d1000000|100%| E|CS|TS  0|AC  0|TAMS 0x00000006d0f00000, 0x00000006d0f00000|
| 234|0x00000006d1000000, 0x00000006d1100000, 0x00000006d1100000|100%| E|CS|TS  0|AC  0|TAMS 0x00000006d1000000, 0x00000006d1000000|
| 235|0x00000006d1100000, 0x00000006d1200000, 0x00000006d1200000|100%| E|CS|TS  0|AC  0|TAMS 0x00000006d1100000, 0x00000006d1100000|
| 236|0x00000006d1200000, 0x00000006d1300000, 0x00000006d1300000|100%| E|CS|TS  0|AC  0|TAMS 0x00000006d1200000, 0x00000006d1200000|
| 237|0x00000006d1300000, 0x00000006d1400000, 0x00000006d1400000|100%| E|CS|TS  0|AC  0|TAMS 0x00000006d1300000, 0x00000006d1300000|
| 238|0x00000006d1400000, 0x00000006d1500000, 0x00000006d1500000|100%| S|CS|TS  1|AC  0|TAMS 0x00000006d1400000, 0x00000006d1400000|
| 239|0x00000006d1500000, 0x00000006d1600000, 0x00000006d1600000|100%| S|CS|TS  1|AC  0|TAMS 0x00000006d1500000, 0x00000006d1500000|
| 240|0x00000006d1600000, 0x00000006d1700000, 0x00000006d1700000|100%| E|CS|TS  1|AC  0|TAMS 0x00000006d1600000, 0x00000006d1600000|
| 241|0x00000006d1700000, 0x00000006d1800000, 0x00000006d1800000|100%| E|CS|TS  1|AC  0|TAMS 0x00000006d1700000, 0x00000006d1700000|
| 242|0x00000006d1800000, 0x00000006d1900000, 0x00000006d1900000|100%| E|CS|TS  1|AC  0|TAMS 0x00000006d1800000, 0x00000006d1800000|
| 243|0x00000006d1900000, 0x00000006d1a00000, 0x00000006d1a00000|100%| E|CS|TS  1|AC  0|TAMS 0x00000006d1900000, 0x00000006d1900000|
| 244|0x00000006d1a00000, 0x00000006d1b00000, 0x00000006d1b00000|100%| E|CS|TS  1|AC  0|TAMS 0x00000006d1a00000, 0x00000006d1a00000|
| 245|0x00000006d1b00000, 0x00000006d1c00000, 0x00000006d1c00000|100%| E|CS|TS  1|AC  0|TAMS 0x00000006d1b00000, 0x00000006d1b00000|
| 246|0x00000006d1c00000, 0x00000006d1d00000, 0x00000006d1d00000|100%| E|CS|TS  1|AC  0|TAMS 0x00000006d1c00000, 0x00000006d1c00000|
| 247|0x00000006d1d00000, 0x00000006d1e00000, 0x00000006d1e00000|100%| E|CS|TS  1|AC  0|TAMS 0x00000006d1d00000, 0x00000006d1d00000|
| 248|0x00000006d1e00000, 0x00000006d1f00000, 0x00000006d1f00000|100%| E|CS|TS  1|AC  0|TAMS 0x00000006d1e00000, 0x00000006d1e00000|
| 249|0x00000006d1f00000, 0x00000006d2000000, 0x00000006d2000000|100%| E|CS|TS  1|AC  0|TAMS 0x00000006d1f00000, 0x00000006d1f00000|
| 250|0x00000006d2000000, 0x00000006d2100000, 0x00000006d2100000|100%| E|CS|TS  1|AC  0|TAMS 0x00000006d2000000, 0x00000006d2000000|
| 251|0x00000006d2100000, 0x00000006d2200000, 0x00000006d2200000|100%| E|CS|TS  1|AC  0|TAMS 0x00000006d2100000, 0x00000006d2100000|
| 252|0x00000006d2200000, 0x00000006d2300000, 0x00000006d2300000|100%| E|CS|TS  1|AC  0|TAMS 0x00000006d2200000, 0x00000006d2200000|
| 253|0x00000006d2300000, 0x00000006d2400000, 0x00000006d2400000|100%| E|CS|TS  1|AC  0|TAMS 0x00000006d2300000, 0x00000006d2300000|

Card table byte_map: [0x0000023675a80000,0x0000023676270000] byte_map_base: 0x000002367246d000

Marking Bits (Prev, Next): (CMBitMap*) 0x000002365afde490, (CMBitMap*) 0x000002365afde4c8
 Prev Bits: [0x0000023676a60000, 0x000002367a9c8000)
 Next Bits: [0x000002367a9d0000, 0x000002367e938000)

Polling page: 0x0000023656c60000

CodeHeap 'non-profiled nmethods': size=120064Kb used=187Kb max_used=187Kb free=119876Kb
 bounds [0x000002366dd50000, 0x000002366dfc0000, 0x0000023675290000]
CodeHeap 'profiled nmethods': size=120000Kb used=633Kb max_used=633Kb free=119366Kb
 bounds [0x0000023666820000, 0x0000023666a90000, 0x000002366dd50000]
CodeHeap 'non-nmethods': size=5696Kb used=1194Kb max_used=1205Kb free=4501Kb
 bounds [0x0000023666290000, 0x0000023666500000, 0x0000023666820000]
 total_blobs=1085 nmethods=524 adapters=352
 compilation: enabled

Compilation events (10 events):
Event: 265.097 Thread 0x000002367f897800  521       3       java.util.Formatter$Conversion::isGeneral (64 bytes)
Event: 265.097 Thread 0x000002367f897800 nmethod 521 0x00000236668b9b10 code [0x00000236668b9cc0, 0x00000236668b9e58]
Event: 265.097 Thread 0x000002367f897800  522       3       java.lang.AbstractStringBuilder::checkRange (60 bytes)
Event: 265.098 Thread 0x000002367f897800 nmethod 522 0x00000236668b9f10 code [0x00000236668ba1e0, 0x00000236668bae00]
Event: 265.098 Thread 0x000002367f897800  523   !   3       java.util.Formatter::format (280 bytes)
Event: 265.098 Thread 0x000002367f897800 nmethod 523 0x00000236668bb290 code [0x00000236668bb5e0, 0x00000236668bcac0]
Event: 267.644 Thread 0x000002367f897800  524       3       java.lang.StringBuilder::append (8 bytes)
Event: 267.644 Thread 0x000002367f897800 nmethod 524 0x00000236668bd490 code [0x00000236668bd640, 0x00000236668bd7f0]
Event: 267.644 Thread 0x000002367f897800  525       3       java.lang.AbstractStringBuilder::append (54 bytes)
Event: 267.644 Thread 0x000002367f897800 nmethod 525 0x00000236668bd890 code [0x00000236668bdac0, 0x00000236668be3f0]

GC Heap History (2 events):
Event: 9.154 GC heap before
{Heap before GC invocations=0 (full 0):
 garbage-first heap   total 260096K, used 14336K [0x00000006c2600000, 0x00000007c0000000)
  region size 1024K, 14 young (14336K), 0 survivors (0K)
 Metaspace       used 10629K, capacity 10794K, committed 11136K, reserved 1058816K
  class space    used 1003K, capacity 1062K, committed 1152K, reserved 1048576K
}
Event: 9.158 GC heap after
{Heap after GC invocations=1 (full 0):
 garbage-first heap   total 260096K, used 3060K [0x00000006c2600000, 0x00000007c0000000)
  region size 1024K, 2 young (2048K), 2 survivors (2048K)
 Metaspace       used 10629K, capacity 10794K, committed 11136K, reserved 1058816K
  class space    used 1003K, capacity 1062K, committed 1152K, reserved 1048576K
}

Deoptimization events (3 events):
Event: 0.201 Thread 0x000002365af03000 Uncommon trap: reason=unstable_if action=reinterpret pc=0x000002366dd53594 method=java.lang.String.hashCode()I @ 14 c2
Event: 0.210 Thread 0x000002365af03000 Uncommon trap: reason=unstable_if action=reinterpret pc=0x000002366dd51ffc method=java.lang.String.isLatin1()Z @ 10 c2
Event: 0.268 Thread 0x000002365af03000 Uncommon trap: reason=unstable_if action=reinterpret pc=0x000002366dd61104 method=java.lang.String.charAt(I)C @ 4 c2

Classes redefined (2 events):
Event: 549.321 Thread 0x000002367f82c000 redefined class name=com.company.Main, count=1
Event: 1051.801 Thread 0x000002367f82c000 redefined class name=com.company.Main, count=2

Internal exceptions (10 events):
Event: 13.202 Thread 0x000002365af03000 Exception <a 'java/lang/NoSuchMethodError'{0x00000006d125b3a8}: method resolution failed> (0x00000006d125b3a8) thrown at [t:/workspace/open/src/hotspot/share/prims/methodHandles.cpp, line 1226]
Event: 13.703 Thread 0x000002365af03000 Exception <a 'java/lang/NoSuchMethodError'{0x00000006d0e431a8}: method resolution failed> (0x00000006d0e431a8) thrown at [t:/workspace/open/src/hotspot/share/prims/methodHandles.cpp, line 1226]
Event: 13.713 Thread 0x000002365af03000 Exception <a 'java/lang/NoSuchMethodError'{0x00000006d0e512a8}: java.lang.invoke.DirectMethodHandle$Holder.invokeStatic(Ljava/lang/Object;Ljava/lang/Object;Ljava/lang/Object;Ljava/lang/Object;)V> (0x00000006d0e512a8) thrown at [t:/workspace/open/src/hotsp
Event: 15.511 Thread 0x000002365af03000 Exception <a 'java/lang/ClassNotFoundException'{0x00000006d0bd8a60}: sun/util/logging/resources/spi/loggingProvider> (0x00000006d0bd8a60) thrown at [t:/workspace/open/src/hotspot/share/classfile/systemDictionary.cpp, line 233]
Event: 18.099 Thread 0x000002365af03000 Exception <a 'java/net/SocketTimeoutException'{0x00000006d0acf0f8}: Read timed out> (0x00000006d0acf0f8) thrown at [t:/workspace/open/src/hotspot/share/prims/jni.cpp, line 632]
Event: 27.666 Thread 0x000002365af03000 Exception <a 'java/net/SocketTimeoutException'{0x00000006d0afd440}: Read timed out> (0x00000006d0afd440) thrown at [t:/workspace/open/src/hotspot/share/prims/jni.cpp, line 632]
Event: 29.889 Thread 0x000002365af03000 Exception <a 'java/net/SocketTimeoutException'{0x00000006d09149c0}: Read timed out> (0x00000006d09149c0) thrown at [t:/workspace/open/src/hotspot/share/prims/jni.cpp, line 632]
Event: 32.109 Thread 0x000002365af03000 Exception <a 'java/net/SocketTimeoutException'{0x00000006d09431f0}: Read timed out> (0x00000006d09431f0) thrown at [t:/workspace/open/src/hotspot/share/prims/jni.cpp, line 632]
Event: 46.421 Thread 0x000002365af03000 Exception <a 'java/net/SocketTimeoutException'{0x00000006d0950640}: Read timed out> (0x00000006d0950640) thrown at [t:/workspace/open/src/hotspot/share/prims/jni.cpp, line 632]
Event: 46.444 Thread 0x000002365af03000 Exception <a 'java/net/SocketTimeoutException'{0x00000006d095dd80}: Read timed out> (0x00000006d095dd80) thrown at [t:/workspace/open/src/hotspot/share/prims/jni.cpp, line 632]

Events (10 events):
Event: 1051.803 Executing VM operation: RedefineClasses done
Event: 1051.804 Executing VM operation: GetFrameCount
Event: 1051.804 Executing VM operation: GetFrameCount done
Event: 1051.805 Executing VM operation: GetFrameCount
Event: 1051.805 Executing VM operation: GetFrameCount done
Event: 1051.805 Executing VM operation: GetFrameLocation
Event: 1051.805 Executing VM operation: GetFrameLocation done
Event: 1051.825 Executing VM operation: ChangeBreakpoints
Event: 1051.826 Executing VM operation: ChangeBreakpoints done
Event: 1051.831 Executing VM operation: GetOrSetLocal


Dynamic libraries:
0x00007ff7c4b30000 - 0x00007ff7c4b6e000 	C:\Program Files\Java\jdk-10\bin\java.exe
0x00007ffd423b0000 - 0x00007ffd42590000 	C:\WINDOWS\SYSTEM32\ntdll.dll
0x00007ffd3fef0000 - 0x00007ffd3ff9e000 	C:\WINDOWS\System32\KERNEL32.DLL
0x00007ffd3ef00000 - 0x00007ffd3f166000 	C:\WINDOWS\System32\KERNELBASE.dll
0x00007ffd41860000 - 0x00007ffd41901000 	C:\WINDOWS\System32\ADVAPI32.dll
0x00007ffd422e0000 - 0x00007ffd4237d000 	C:\WINDOWS\System32\msvcrt.dll
0x00007ffd3fe90000 - 0x00007ffd3feeb000 	C:\WINDOWS\System32\sechost.dll
0x00007ffd41910000 - 0x00007ffd41a2f000 	C:\WINDOWS\System32\RPCRT4.dll
0x00007ffd41670000 - 0x00007ffd417ff000 	C:\WINDOWS\System32\USER32.dll
0x00007ffd3f340000 - 0x00007ffd3f360000 	C:\WINDOWS\System32\win32u.dll
0x00007ffd3fcc0000 - 0x00007ffd3fce8000 	C:\WINDOWS\System32\GDI32.dll
0x00007ffd3f4f0000 - 0x00007ffd3f683000 	C:\WINDOWS\System32\gdi32full.dll
0x00007ffd3f690000 - 0x00007ffd3f72b000 	C:\WINDOWS\System32\msvcp_win.dll
0x00007ffd3f730000 - 0x00007ffd3f826000 	C:\WINDOWS\System32\ucrtbase.dll
0x00007ffd31210000 - 0x00007ffd31479000 	C:\WINDOWS\WinSxS\amd64_microsoft.windows.common-controls_6595b64144ccf1df_6.0.16299.309_none_15cfd4c4935e6b11\COMCTL32.dll
0x00007ffd3f920000 - 0x00007ffd3fc28000 	C:\WINDOWS\System32\combase.dll
0x00007ffd3f360000 - 0x00007ffd3f3d2000 	C:\WINDOWS\System32\bcryptPrimitives.dll
0x00007ffd38ce0000 - 0x00007ffd38cea000 	C:\WINDOWS\SYSTEM32\VERSION.dll
0x00007ffd41ba0000 - 0x00007ffd41bcd000 	C:\WINDOWS\System32\IMM32.DLL
0x00007ffd1a940000 - 0x00007ffd1aa2f000 	C:\Program Files\Java\jdk-10\bin\msvcr120.dll
0x00007ffd06540000 - 0x00007ffd065e6000 	C:\Program Files\Java\jdk-10\bin\msvcp120.dll
0x00000000554e0000 - 0x0000000055f4f000 	C:\Program Files\Java\jdk-10\bin\server\jvm.dll
0x00007ffd400b0000 - 0x00007ffd400b8000 	C:\WINDOWS\System32\PSAPI.DLL
0x00007ffd3b1e0000 - 0x00007ffd3b1e9000 	C:\WINDOWS\SYSTEM32\WSOCK32.dll
0x00007ffd3fcf0000 - 0x00007ffd3fd5c000 	C:\WINDOWS\System32\WS2_32.dll
0x00007ffd3c680000 - 0x00007ffd3c6a3000 	C:\WINDOWS\SYSTEM32\WINMM.dll
0x00007ffd3c620000 - 0x00007ffd3c64a000 	C:\WINDOWS\SYSTEM32\WINMMBASE.dll
0x00007ffd3f830000 - 0x00007ffd3f87a000 	C:\WINDOWS\System32\cfgmgr32.dll
0x00007ffd3b1f0000 - 0x00007ffd3b1ff000 	C:\Program Files\Java\jdk-10\bin\verify.dll
0x00007ffd2bed0000 - 0x00007ffd2c098000 	C:\WINDOWS\SYSTEM32\DBGHELP.DLL
0x00007ffd295b0000 - 0x00007ffd295d9000 	C:\WINDOWS\SYSTEM32\dbgcore.DLL
0x00007ffd39890000 - 0x00007ffd398b7000 	C:\Program Files\Java\jdk-10\bin\java.dll
0x00007ffd06500000 - 0x00007ffd06536000 	C:\Program Files\Java\jdk-10\bin\jdwp.dll
0x00007ffd2a360000 - 0x00007ffd2a38a000 	C:\Program Files\Java\jdk-10\bin\instrument.dll
0x00007ffd39870000 - 0x00007ffd39886000 	C:\Program Files\Java\jdk-10\bin\zip.dll
0x00007ffd39860000 - 0x00007ffd3986a000 	C:\Program Files\Java\jdk-10\bin\jimage.dll
0x00007ffd40230000 - 0x00007ffd41666000 	C:\WINDOWS\System32\SHELL32.dll
0x00007ffd42230000 - 0x00007ffd422d6000 	C:\WINDOWS\System32\shcore.dll
0x00007ffd3e7b0000 - 0x00007ffd3eef7000 	C:\WINDOWS\System32\windows.storage.dll
0x00007ffd3fe30000 - 0x00007ffd3fe81000 	C:\WINDOWS\System32\shlwapi.dll
0x00007ffd3e790000 - 0x00007ffd3e7a1000 	C:\WINDOWS\System32\kernel.appcore.dll
0x00007ffd3e720000 - 0x00007ffd3e76c000 	C:\WINDOWS\System32\powrprof.dll
0x00007ffd3e770000 - 0x00007ffd3e78b000 	C:\WINDOWS\System32\profapi.dll
0x00007ffd39280000 - 0x00007ffd3928a000 	C:\Program Files\Java\jdk-10\bin\dt_socket.dll
0x00007ffd3df90000 - 0x00007ffd3dff6000 	C:\WINDOWS\system32\mswsock.dll
0x00007ffd2ef10000 - 0x00007ffd2ef2a000 	C:\Program Files\Java\jdk-10\bin\net.dll
0x00007ffd3a360000 - 0x00007ffd3a43e000 	C:\WINDOWS\SYSTEM32\WINHTTP.dll
0x00007ffd166d0000 - 0x00007ffd166e1000 	C:\Program Files\Java\jdk-10\bin\nio.dll
0x00007ffd3dd60000 - 0x00007ffd3de16000 	C:\WINDOWS\SYSTEM32\DNSAPI.dll
0x00007ffd3fcb0000 - 0x00007ffd3fcb8000 	C:\WINDOWS\System32\NSI.dll
0x00007ffd3dd20000 - 0x00007ffd3dd59000 	C:\WINDOWS\SYSTEM32\IPHLPAPI.DLL
0x0000000056e70000 - 0x0000000056e96000 	C:\Program Files\Bonjour\mdnsNSP.dll
0x00007ffd370d0000 - 0x00007ffd370da000 	C:\Windows\System32\rasadhlp.dll
0x00007ffd36ff0000 - 0x00007ffd37060000 	C:\WINDOWS\System32\fwpuclnt.dll
0x00007ffd3e260000 - 0x00007ffd3e285000 	C:\WINDOWS\SYSTEM32\bcrypt.dll
0x00007ffd064d0000 - 0x00007ffd064f3000 	C:\Program Files\Java\jdk-10\bin\sunec.dll
0x00007ffd3e150000 - 0x00007ffd3e167000 	C:\WINDOWS\SYSTEM32\CRYPTSP.dll
0x00007ffd3db90000 - 0x00007ffd3dbc3000 	C:\WINDOWS\system32\rsaenh.dll
0x00007ffd3e630000 - 0x00007ffd3e659000 	C:\WINDOWS\SYSTEM32\USERENV.dll
0x00007ffd3e170000 - 0x00007ffd3e17b000 	C:\WINDOWS\SYSTEM32\CRYPTBASE.dll
0x00007ffd38d30000 - 0x00007ffd38d46000 	C:\WINDOWS\SYSTEM32\dhcpcsvc6.DLL
0x00007ffd390f0000 - 0x00007ffd3910a000 	C:\WINDOWS\SYSTEM32\dhcpcsvc.DLL
0x00007ffd3c7a0000 - 0x00007ffd3c828000 	C:\WINDOWS\system32\apphelp.dll

dbghelp: loaded successfully - version: 4.0.5 - missing functions: none
symbol engine: initialized successfully - sym options: 0x614 - pdb path: .;C:\Program Files\Java\jdk-10\bin;C:\WINDOWS\SYSTEM32;C:\WINDOWS\WinSxS\amd64_microsoft.windows.common-controls_6595b64144ccf1df_6.0.16299.309_none_15cfd4c4935e6b11;C:\Program Files\Java\jdk-10\bin\server;C:\Program Files\Bonjour

VM Arguments:
jvm_args: -agentlib:jdwp=transport=dt_socket,address=127.0.0.1:56243,suspend=y,server=n -javaagent:C:\Users\benda\.IntelliJIdea2018.1\system\captureAgent\debugger-agent.jar=file:/C:/Users/benda/AppData/Local/Temp/capture.props -Dfile.encoding=UTF-8 
java_command: com.company.Main
java_class_path (initial): C:\Users\benda\IdeaProjects\SixDegreesOfEnglish\out\production\SixDegreesOfEnglish;C:\Users\benda\IdeaProjects\SixDegreesOfEnglish\Selenium\libs\byte-buddy-1.7.9.jar;C:\Users\benda\IdeaProjects\SixDegreesOfEnglish\Selenium\libs\commons-codec-1.10.jar;C:\Users\benda\IdeaProjects\SixDegreesOfEnglish\Selenium\libs\commons-exec-1.3.jar;C:\Users\benda\IdeaProjects\SixDegreesOfEnglish\Selenium\libs\commons-logging-1.2.jar;C:\Users\benda\IdeaProjects\SixDegreesOfEnglish\Selenium\libs\gson-2.8.2.jar;C:\Users\benda\IdeaProjects\SixDegreesOfEnglish\Selenium\libs\guava-23.6-jre.jar;C:\Users\benda\IdeaProjects\SixDegreesOfEnglish\Selenium\libs\httpclient-4.5.3.jar;C:\Users\benda\IdeaProjects\SixDegreesOfEnglish\Selenium\libs\httpcore-4.4.6.jar;C:\Users\benda\IdeaProjects\SixDegreesOfEnglish\Selenium\libs\okhttp-3.9.1.jar;C:\Users\benda\IdeaProjects\SixDegreesOfEnglish\Selenium\libs\okio-1.13.0.jar;C:\Users\benda\IdeaProjects\SixDegreesOfEnglish\Selenium\client-combined-3.11.0.jar;C:\Program Files\JetBrains\IntelliJ IDEA 2018.1\lib\idea_rt.jar
Launcher Type: SUN_STANDARD

Logging:
Log output configuration:
#0: stdout all=warning uptime,level,tags
#1: stderr all=off uptime,level,tags

Environment Variables:
CLASSPATH=.;C:\Program Files (x86)\QuickTime\QTSystem\QTJava.zip
PATH=C:\ProgramData\Oracle\Java\javapath;C:\Windows\system32;C:\Windows;C:\Windows\System32\Wbem;C:\Windows\System32\WindowsPowerShell\v1.0\;C:\Program Files (x86)\Windows Live\Shared;C:\Program Files (x86)\Common Files\Rockwell\;C:\Program Files (x86)\Rockwell Software\RSCommon;C:\Users\benda\.dnx\bin;C:\Program Files\Microsoft DNX\Dnvm\;C:\Program Files\Microsoft SQL Server\130\Tools\Binn\;C:\Program Files (x86)\nodejs\;C:\WINDOWS\system32;C:\WINDOWS;C:\WINDOWS\System32\Wbem;C:\WINDOWS\System32\WindowsPowerShell\v1.0\;C:\Program Files\Git\cmd;C:\Program Files (x86)\Windows Kits\10\Windows Performance Toolkit\;C:\Program Files\Microsoft SQL Server\Client SDK\ODBC\130\Tools\Binn\;C:\Program Files (x86)\Microsoft SQL Server\130\Tools\Binn\;C:\Program Files\Microsoft SQL Server\130\DTS\Binn\;C:\Program Files (x86)\Microsoft SQL Server\Client SDK\ODBC\130\Tools\Binn\;C:\Program Files (x86)\Microsoft SQL Server\130\DTS\Binn\;C:\Program Files (x86)\Microsoft SQL Server\130\Tools\Binn\ManagementStudio\;C:\Program Files\Microsoft\Web Platform Installer\;C:\Program Files (x86)\NVIDIA Corporation\PhysX\Common;C:\Program Files\dotnet\;C:\Program Files (x86)\GtkSharp\2.12\bin;C:\Program Files (x86)\Skype\Phone\;C:\WINDOWS\system32;C:\WINDOWS;C:\WINDOWS\System32\Wbem;C:\WINDOWS\System32\WindowsPowerShell\v1.0\;C:\Program Files (x86)\QuickTime\QTSystem\;C:\Users\benda\.cargo\bin;C:\Users\benda\AppData\Roaming\npm;C:\Users\benda\AppData\Local\Microsoft\WindowsApps;;C:\Program Files (x86)\Microsoft VS Code\bin
USERNAME=benda
OS=Windows_NT
PROCESSOR_IDENTIFIER=Intel64 Family 6 Model 60 Stepping 3, GenuineIntel



---------------  S Y S T E M  ---------------

OS: Windows 10 , 64 bit Build 16299 (10.0.16299.15)

CPU:total 4 (initial active 4) (4 cores per cpu, 1 threads per core) family 6 model 60 stepping 3, cmov, cx8, fxsr, mmx, sse, sse2, sse3, ssse3, sse4.1, sse4.2, popcnt, avx, avx2, aes, clmul, erms, lzcnt, tsc, tscinvbit, bmi1, bmi2, fma

Memory: 4k page, physical 16619848k(5686536k free), swap 19503432k(3649580k free)

vm_info: Java HotSpot(TM) 64-Bit Server VM (10+46) for windows-amd64 JRE (10+46), built on Mar  8 2018 02:11:18 by "mach5one" with MS VC++ 12.0 (VS2013)

END.
